Using pre-set license
Built from '2020.3/staging' branch; Version is '2020.3.6f1 (338bb68529b2) revision 3378102'; Using compiler version '192528614'; Build Type 'Release'
OS: 'Windows 10 Home; OS build 19042.1237; Version 2009; 64bit' Language: 'nl' Physical Memory: 16272 MB
BatchMode: 1, IsHumanControllingUs: 0, StartBugReporterOnCrash: 0, Is64bit: 1, IsPro: 0

 COMMAND LINE ARGUMENTS:
C:\Program Files\Unity\Hub\Editor\2020.3.6f1\Editor\Unity.exe
-adb2
-batchMode
-noUpm
-name
AssetImportWorker0
-projectPath
C:/Users/fpwee/f1m1/MA/Bewijzenmap/Leerjaar2/Periode1/ProjectTower/LinesOfDefense
-logFile
Logs/AssetImportWorker0.log
-srvPort
63788
Successfully changed project path to: C:/Users/fpwee/f1m1/MA/Bewijzenmap/Leerjaar2/Periode1/ProjectTower/LinesOfDefense
C:/Users/fpwee/f1m1/MA/Bewijzenmap/Leerjaar2/Periode1/ProjectTower/LinesOfDefense
Using Asset Import Pipeline V2.
Refreshing native plugins compatible for Editor in 40.81 ms, found 1 plugins.
Preloading 0 native plugins for Editor in 0.00 ms.
Initialize engine version: 2020.3.6f1 (338bb68529b2)
[Subsystems] Discovering subsystems at path C:/Program Files/Unity/Hub/Editor/2020.3.6f1/Editor/Data/Resources/UnitySubsystems
[Subsystems] Discovering subsystems at path C:/Users/fpwee/f1m1/MA/Bewijzenmap/Leerjaar2/Periode1/ProjectTower/LinesOfDefense/Assets
GfxDevice: creating device client; threaded=0
Direct3D:
    Version:  Direct3D 11.0 [level 11.1]
    Renderer: NVIDIA GeForce GTX 1050 Ti (ID=0x1c8c)
    Vendor:   
    VRAM:     4018 MB
    Driver:   27.21.14.6280
Initialize mono
Mono path[0] = 'C:/Program Files/Unity/Hub/Editor/2020.3.6f1/Editor/Data/Managed'
Mono path[1] = 'C:/Program Files/Unity/Hub/Editor/2020.3.6f1/Editor/Data/MonoBleedingEdge/lib/mono/unityjit'
Mono config path = 'C:/Program Files/Unity/Hub/Editor/2020.3.6f1/Editor/Data/MonoBleedingEdge/etc'
Using monoOptions --debugger-agent=transport=dt_socket,embedding=1,server=y,suspend=n,address=127.0.0.1:56312
Begin MonoManager ReloadAssembly
Registering precompiled unity dll's ...
Register platform support module: C:/Program Files/Unity/Hub/Editor/2020.3.6f1/Editor/Data/PlaybackEngines/WindowsStandaloneSupport/UnityEditor.WindowsStandalone.Extensions.dll
Registered in 0.002399 seconds.
Native extension for WindowsStandalone target not found
Refreshing native plugins compatible for Editor in 32.92 ms, found 1 plugins.
Preloading 0 native plugins for Editor in 0.00 ms.
Mono: successfully reloaded assembly
- Completed reload, in  1.107 seconds
Platform modules already initialized, skipping
Registering precompiled user dll's ...
Registered in 0.001158 seconds.
Begin MonoManager ReloadAssembly
Native extension for WindowsStandalone target not found
Refreshing native plugins compatible for Editor in 33.27 ms, found 1 plugins.
Preloading 0 native plugins for Editor in 0.00 ms.
Mono: successfully reloaded assembly
- Completed reload, in  0.910 seconds
Platform modules already initialized, skipping
========================================================================
Worker process is ready to serve import requests
Launched and connected shader compiler UnityShaderCompiler.exe after 0.06 seconds
Refreshing native plugins compatible for Editor in 0.33 ms, found 1 plugins.
Preloading 0 native plugins for Editor in 0.00 ms.
Unloading 1836 Unused Serialized files (Serialized files now loaded: 0)
System memory in use before: 86.2 MB.
System memory in use after: 86.1 MB.

Unloading 24 unused Assets to reduce memory usage. Loaded Objects now: 2280.
Total: 2.768100 ms (FindLiveObjects: 0.256400 ms CreateObjectMapping: 0.093800 ms MarkObjects: 2.251300 ms  DeleteObjects: 0.165200 ms)

========================================================================
Received Import Request.
  path: Assets/Scenes/MainMenu.unity
  artifactKey: Guid(61c35e901cfd612488da78648fd32fe0) Importer(815301076,1909f56bfc062723c751e8b465ee728b)
Start importing Assets/Scenes/MainMenu.unity using Guid(61c35e901cfd612488da78648fd32fe0) Importer(815301076,1909f56bfc062723c751e8b465ee728b)  -> (artifact id: '17a0ba7fa23b696409acb312ba5efcf1') in 0.025899 seconds
  Import took 0.032324 seconds .

========================================================================
Received Import Request.
  Time since last request: 920.403851 seconds.
  path: Assets/video (1).mp4
  artifactKey: Guid(217448779337f6f49a92325ac067da3c) Importer(815301076,1909f56bfc062723c751e8b465ee728b)
Start importing Assets/video (1).mp4 using Guid(217448779337f6f49a92325ac067da3c) Importer(815301076,1909f56bfc062723c751e8b465ee728b)  -> (artifact id: 'c9bb338633066c8b42a14cbe146aa384') in 0.083034 seconds
  Import took 0.086843 seconds .

========================================================================
Received Import Request.
  Time since last request: 44.550243 seconds.
  path: Assets/Scenes/SampleScene.unity
  artifactKey: Guid(2cda990e2423bbf4892e6590ba056729) Importer(815301076,1909f56bfc062723c751e8b465ee728b)
Start importing Assets/Scenes/SampleScene.unity using Guid(2cda990e2423bbf4892e6590ba056729) Importer(815301076,1909f56bfc062723c751e8b465ee728b)  -> (artifact id: '21e50be5b0a1705196d7343d48f61030') in 0.006033 seconds
  Import took 0.009452 seconds .

========================================================================
Received Import Request.
  Time since last request: 0.001792 seconds.
  path: Assets/Scenes/SampleScene.unity
  artifactKey: Guid(2cda990e2423bbf4892e6590ba056729) Importer(815301076,1909f56bfc062723c751e8b465ee728b)
Start importing Assets/Scenes/SampleScene.unity using Guid(2cda990e2423bbf4892e6590ba056729) Importer(815301076,1909f56bfc062723c751e8b465ee728b)  -> (artifact id: '21e50be5b0a1705196d7343d48f61030') in 0.003577 seconds
  Import took 0.006541 seconds .

========================================================================
Received Prepare
Registering precompiled user dll's ...
Registered in 0.001932 seconds.
Begin MonoManager ReloadAssembly
Native extension for WindowsStandalone target not found
Refreshing native plugins compatible for Editor in 0.37 ms, found 1 plugins.
Preloading 0 native plugins for Editor in 0.00 ms.
Mono: successfully reloaded assembly
- Completed reload, in  0.859 seconds
Platform modules already initialized, skipping
Refreshing native plugins compatible for Editor in 0.32 ms, found 1 plugins.
Preloading 0 native plugins for Editor in 0.00 ms.
Unloading 1831 Unused Serialized files (Serialized files now loaded: 0)
System memory in use before: 86.2 MB.
System memory in use after: 86.1 MB.

Unloading 12 unused Assets to reduce memory usage. Loaded Objects now: 2284.
Total: 1.878000 ms (FindLiveObjects: 0.178600 ms CreateObjectMapping: 0.049800 ms MarkObjects: 1.555400 ms  DeleteObjects: 0.092800 ms)

========================================================================
Received Import Request.
  Time since last request: 268.220625 seconds.
  path: Assets/UIArt/LinesOfDefense.png
  artifactKey: Guid(6a7767590dcae6743907713dab307d37) Importer(815301076,1909f56bfc062723c751e8b465ee728b)
Start importing Assets/UIArt/LinesOfDefense.png using Guid(6a7767590dcae6743907713dab307d37) Importer(815301076,1909f56bfc062723c751e8b465ee728b)  -> (artifact id: '840f5b35244108254e2b2bf18c6810b5') in 0.148704 seconds
  Import took 0.152794 seconds .

========================================================================
Received Prepare
Registering precompiled user dll's ...
Registered in 0.001402 seconds.
Begin MonoManager ReloadAssembly
Native extension for WindowsStandalone target not found
Refreshing native plugins compatible for Editor in 0.38 ms, found 1 plugins.
Preloading 0 native plugins for Editor in 0.00 ms.
Mono: successfully reloaded assembly
- Completed reload, in  0.850 seconds
Platform modules already initialized, skipping
Refreshing native plugins compatible for Editor in 0.36 ms, found 1 plugins.
Preloading 0 native plugins for Editor in 0.00 ms.
Unloading 1831 Unused Serialized files (Serialized files now loaded: 0)
System memory in use before: 89.3 MB.
System memory in use after: 89.3 MB.

Unloading 12 unused Assets to reduce memory usage. Loaded Objects now: 2294.
Total: 2.398300 ms (FindLiveObjects: 0.220800 ms CreateObjectMapping: 0.130600 ms MarkObjects: 1.947000 ms  DeleteObjects: 0.098600 ms)

========================================================================
Received Import Request.
  Time since last request: 392.752751 seconds.
  path: Assets/Scenes/MainMenu.unity
  artifactKey: Guid(61c35e901cfd612488da78648fd32fe0) Importer(815301076,1909f56bfc062723c751e8b465ee728b)
Start importing Assets/Scenes/MainMenu.unity using Guid(61c35e901cfd612488da78648fd32fe0) Importer(815301076,1909f56bfc062723c751e8b465ee728b)  -> (artifact id: '9e03d5ac3e01db63c905eeffd68fd169') in 0.013217 seconds
  Import took 0.016876 seconds .

========================================================================
Received Import Request.
  Time since last request: 16.542611 seconds.
  path: Assets/LinesOfDefense - SampleScene - PC, Mac & Linux Standalone - Unity 2020.3.6f1 Personal _DX11_ 2021-10-12 19-29-12.avi
  artifactKey: Guid(b6cb847dc4f0f014fa664402295cc2b0) Importer(815301076,1909f56bfc062723c751e8b465ee728b)
Start importing Assets/LinesOfDefense - SampleScene - PC, Mac & Linux Standalone - Unity 2020.3.6f1 Personal _DX11_ 2021-10-12 19-29-12.avi using Guid(b6cb847dc4f0f014fa664402295cc2b0) Importer(815301076,1909f56bfc062723c751e8b465ee728b)  -> (artifact id: '411caf39e1d78437bf1cde323b37f5f3') in 0.006463 seconds
  Import took 0.011134 seconds .

========================================================================
Received Prepare
Registering precompiled user dll's ...
Registered in 0.001141 seconds.
Begin MonoManager ReloadAssembly
Native extension for WindowsStandalone target not found
Refreshing native plugins compatible for Editor in 0.32 ms, found 1 plugins.
Preloading 0 native plugins for Editor in 0.00 ms.
Mono: successfully reloaded assembly
- Completed reload, in  0.823 seconds
Platform modules already initialized, skipping
Refreshing native plugins compatible for Editor in 0.32 ms, found 1 plugins.
Preloading 0 native plugins for Editor in 0.00 ms.
Unloading 1831 Unused Serialized files (Serialized files now loaded: 0)
System memory in use before: 89.3 MB.
System memory in use after: 89.3 MB.

Unloading 12 unused Assets to reduce memory usage. Loaded Objects now: 2298.
Total: 2.167100 ms (FindLiveObjects: 0.242200 ms CreateObjectMapping: 0.107000 ms MarkObjects: 1.715200 ms  DeleteObjects: 0.101200 ms)

========================================================================
Received Prepare
Registering precompiled user dll's ...
Registered in 0.001311 seconds.
Begin MonoManager ReloadAssembly
Native extension for WindowsStandalone target not found
Refreshing native plugins compatible for Editor in 0.36 ms, found 1 plugins.
Preloading 0 native plugins for Editor in 0.00 ms.
Mono: successfully reloaded assembly
- Completed reload, in  0.825 seconds
Platform modules already initialized, skipping
Refreshing native plugins compatible for Editor in 0.36 ms, found 1 plugins.
Preloading 0 native plugins for Editor in 0.00 ms.
Unloading 1831 Unused Serialized files (Serialized files now loaded: 0)
System memory in use before: 89.3 MB.
System memory in use after: 89.3 MB.

Unloading 12 unused Assets to reduce memory usage. Loaded Objects now: 2302.
Total: 2.226900 ms (FindLiveObjects: 0.299900 ms CreateObjectMapping: 0.145300 ms MarkObjects: 1.678300 ms  DeleteObjects: 0.102100 ms)

========================================================================
Received Import Request.
  Time since last request: 200.344411 seconds.
  path: Assets/LinesOfDefense - SampleScene - PC, Mac & Linux Standalone - Unity 2020.3.6f1 Personal _DX11_ 2021-10-12 19-29-12.avi
  artifactKey: Guid(b6cb847dc4f0f014fa664402295cc2b0) Importer(815301076,1909f56bfc062723c751e8b465ee728b)
Start importing Assets/LinesOfDefense - SampleScene - PC, Mac & Linux Standalone - Unity 2020.3.6f1 Personal _DX11_ 2021-10-12 19-29-12.avi using Guid(b6cb847dc4f0f014fa664402295cc2b0) Importer(815301076,1909f56bfc062723c751e8b465ee728b)  -> (artifact id: 'f1045a7bf5c2ae3491d1dd1810b24ad1') in 0.012014 seconds
  Import took 0.017968 seconds .

========================================================================
Received Prepare
Registering precompiled user dll's ...
Registered in 0.001132 seconds.
Begin MonoManager ReloadAssembly
Native extension for WindowsStandalone target not found
Refreshing native plugins compatible for Editor in 0.32 ms, found 1 plugins.
Preloading 0 native plugins for Editor in 0.00 ms.
Mono: successfully reloaded assembly
- Completed reload, in  0.819 seconds
Platform modules already initialized, skipping
Refreshing native plugins compatible for Editor in 0.32 ms, found 1 plugins.
Preloading 0 native plugins for Editor in 0.00 ms.
Unloading 1831 Unused Serialized files (Serialized files now loaded: 0)
System memory in use before: 89.3 MB.
System memory in use after: 89.3 MB.

Unloading 12 unused Assets to reduce memory usage. Loaded Objects now: 2306.
Total: 2.156300 ms (FindLiveObjects: 0.188100 ms CreateObjectMapping: 0.075000 ms MarkObjects: 1.742800 ms  DeleteObjects: 0.149000 ms)

========================================================================
Received Prepare
Registering precompiled user dll's ...
Registered in 0.001113 seconds.
Begin MonoManager ReloadAssembly
Native extension for WindowsStandalone target not found
Refreshing native plugins compatible for Editor in 0.32 ms, found 1 plugins.
Preloading 0 native plugins for Editor in 0.00 ms.
Mono: successfully reloaded assembly
- Completed reload, in  0.828 seconds
Platform modules already initialized, skipping
Refreshing native plugins compatible for Editor in 0.40 ms, found 1 plugins.
Preloading 0 native plugins for Editor in 0.00 ms.
Unloading 1831 Unused Serialized files (Serialized files now loaded: 0)
System memory in use before: 89.4 MB.
System memory in use after: 89.3 MB.

Unloading 12 unused Assets to reduce memory usage. Loaded Objects now: 2310.
Total: 2.481800 ms (FindLiveObjects: 0.178900 ms CreateObjectMapping: 0.063000 ms MarkObjects: 2.128800 ms  DeleteObjects: 0.109700 ms)

========================================================================
Received Import Request.
  Time since last request: 227.384398 seconds.
  path: Assets/Scenes/MainMenu.unity
  artifactKey: Guid(61c35e901cfd612488da78648fd32fe0) Importer(815301076,1909f56bfc062723c751e8b465ee728b)
Start importing Assets/Scenes/MainMenu.unity using Guid(61c35e901cfd612488da78648fd32fe0) Importer(815301076,1909f56bfc062723c751e8b465ee728b)  -> (artifact id: '38cf4ccdae7718824ad817d39338505f') in 0.013508 seconds
  Import took 0.024095 seconds .

========================================================================
Received Prepare
Registering precompiled user dll's ...
Registered in 0.001120 seconds.
Begin MonoManager ReloadAssembly
Native extension for WindowsStandalone target not found
Refreshing native plugins compatible for Editor in 0.32 ms, found 1 plugins.
Preloading 0 native plugins for Editor in 0.00 ms.
Mono: successfully reloaded assembly
- Completed reload, in  0.823 seconds
Platform modules already initialized, skipping
Refreshing native plugins compatible for Editor in 0.32 ms, found 1 plugins.
Preloading 0 native plugins for Editor in 0.00 ms.
Unloading 1831 Unused Serialized files (Serialized files now loaded: 0)
System memory in use before: 89.4 MB.
System memory in use after: 89.3 MB.

Unloading 12 unused Assets to reduce memory usage. Loaded Objects now: 2314.
Total: 2.434400 ms (FindLiveObjects: 0.204400 ms CreateObjectMapping: 0.081600 ms MarkObjects: 2.043300 ms  DeleteObjects: 0.103600 ms)

========================================================================
Received Prepare
Registering precompiled user dll's ...
Registered in 0.001271 seconds.
Begin MonoManager ReloadAssembly
Native extension for WindowsStandalone target not found
Refreshing native plugins compatible for Editor in 0.33 ms, found 1 plugins.
Preloading 0 native plugins for Editor in 0.00 ms.
Mono: successfully reloaded assembly
- Completed reload, in  0.869 seconds
Platform modules already initialized, skipping
Refreshing native plugins compatible for Editor in 0.37 ms, found 1 plugins.
Preloading 0 native plugins for Editor in 0.00 ms.
Unloading 1831 Unused Serialized files (Serialized files now loaded: 0)
System memory in use before: 89.4 MB.
System memory in use after: 89.3 MB.

Unloading 12 unused Assets to reduce memory usage. Loaded Objects now: 2318.
Total: 2.131300 ms (FindLiveObjects: 0.207400 ms CreateObjectMapping: 0.099700 ms MarkObjects: 1.717400 ms  DeleteObjects: 0.104900 ms)

========================================================================
Received Prepare
Refreshing native plugins compatible for Editor in 2.61 ms, found 1 plugins.
Preloading 0 native plugins for Editor in 0.00 ms.
Unloading 10 Unused Serialized files (Serialized files now loaded: 0)
System memory in use before: 52.8 MB.
System memory in use after: 52.8 MB.

Unloading 10 unused Assets to reduce memory usage. Loaded Objects now: 2318.
Total: 2.198600 ms (FindLiveObjects: 0.178300 ms CreateObjectMapping: 0.062200 ms MarkObjects: 1.853000 ms  DeleteObjects: 0.104100 ms)

========================================================================
Received Import Request.
  Time since last request: 306.288119 seconds.
  path: Assets/Scenes/SampleScene.unity
  artifactKey: Guid(2cda990e2423bbf4892e6590ba056729) Importer(815301076,1909f56bfc062723c751e8b465ee728b)
Start importing Assets/Scenes/SampleScene.unity using Guid(2cda990e2423bbf4892e6590ba056729) Importer(815301076,1909f56bfc062723c751e8b465ee728b)  -> (artifact id: 'da6bfb8e4eb0cc35fb9a05177d086745') in 0.011867 seconds
  Import took 0.015727 seconds .

========================================================================
Received Import Request.
  Time since last request: 0.001618 seconds.
  path: Assets/Scenes/SampleScene.unity
  artifactKey: Guid(2cda990e2423bbf4892e6590ba056729) Importer(815301076,1909f56bfc062723c751e8b465ee728b)
Start importing Assets/Scenes/SampleScene.unity using Guid(2cda990e2423bbf4892e6590ba056729) Importer(815301076,1909f56bfc062723c751e8b465ee728b)  -> (artifact id: 'da6bfb8e4eb0cc35fb9a05177d086745') in 0.004544 seconds
  Import took 0.008680 seconds .

========================================================================
Received Import Request.
  Time since last request: 0.754044 seconds.
  path: Assets/Scenes/MainMenu.unity
  artifactKey: Guid(61c35e901cfd612488da78648fd32fe0) Importer(815301076,1909f56bfc062723c751e8b465ee728b)
Start importing Assets/Scenes/MainMenu.unity using Guid(61c35e901cfd612488da78648fd32fe0) Importer(815301076,1909f56bfc062723c751e8b465ee728b)  -> (artifact id: '8ff6635dc49739ca2cb305499bded4ad') in 0.004179 seconds
  Import took 0.007218 seconds .

========================================================================
Received Prepare
Registering precompiled user dll's ...
Registered in 0.001206 seconds.
Begin MonoManager ReloadAssembly
Native extension for WindowsStandalone target not found
Refreshing native plugins compatible for Editor in 0.34 ms, found 1 plugins.
Preloading 0 native plugins for Editor in 0.00 ms.
Mono: successfully reloaded assembly
- Completed reload, in  0.870 seconds
Platform modules already initialized, skipping
Refreshing native plugins compatible for Editor in 0.46 ms, found 1 plugins.
Preloading 0 native plugins for Editor in 0.00 ms.
Unloading 1831 Unused Serialized files (Serialized files now loaded: 0)
System memory in use before: 89.4 MB.
System memory in use after: 89.4 MB.

Unloading 12 unused Assets to reduce memory usage. Loaded Objects now: 2322.
Total: 2.165800 ms (FindLiveObjects: 0.207900 ms CreateObjectMapping: 0.072000 ms MarkObjects: 1.778900 ms  DeleteObjects: 0.106000 ms)

========================================================================
Received Prepare
Registering precompiled user dll's ...
Registered in 0.001144 seconds.
Begin MonoManager ReloadAssembly
Native extension for WindowsStandalone target not found
Refreshing native plugins compatible for Editor in 0.32 ms, found 1 plugins.
Preloading 0 native plugins for Editor in 0.00 ms.
Mono: successfully reloaded assembly
- Completed reload, in  0.825 seconds
Platform modules already initialized, skipping
Refreshing native plugins compatible for Editor in 0.32 ms, found 1 plugins.
Preloading 0 native plugins for Editor in 0.00 ms.
Unloading 1831 Unused Serialized files (Serialized files now loaded: 0)
System memory in use before: 89.4 MB.
System memory in use after: 89.4 MB.

Unloading 12 unused Assets to reduce memory usage. Loaded Objects now: 2326.
Total: 2.261000 ms (FindLiveObjects: 0.211400 ms CreateObjectMapping: 0.092800 ms MarkObjects: 1.849700 ms  DeleteObjects: 0.105900 ms)

========================================================================
Received Prepare
Registering precompiled user dll's ...
Registered in 0.001594 seconds.
Begin MonoManager ReloadAssembly
Native extension for WindowsStandalone target not found
Refreshing native plugins compatible for Editor in 0.35 ms, found 1 plugins.
Preloading 0 native plugins for Editor in 0.00 ms.
Mono: successfully reloaded assembly
- Completed reload, in  0.847 seconds
Platform modules already initialized, skipping
Refreshing native plugins compatible for Editor in 0.32 ms, found 1 plugins.
Preloading 0 native plugins for Editor in 0.00 ms.
Unloading 1831 Unused Serialized files (Serialized files now loaded: 0)
System memory in use before: 89.4 MB.
System memory in use after: 89.4 MB.

Unloading 12 unused Assets to reduce memory usage. Loaded Objects now: 2330.
Total: 2.227400 ms (FindLiveObjects: 0.167000 ms CreateObjectMapping: 0.063100 ms MarkObjects: 1.900500 ms  DeleteObjects: 0.095800 ms)

========================================================================
Received Prepare
Registering precompiled user dll's ...
Registered in 0.001186 seconds.
Begin MonoManager ReloadAssembly
Native extension for WindowsStandalone target not found
Refreshing native plugins compatible for Editor in 0.35 ms, found 1 plugins.
Preloading 0 native plugins for Editor in 0.00 ms.
Mono: successfully reloaded assembly
- Completed reload, in  0.846 seconds
Platform modules already initialized, skipping
Refreshing native plugins compatible for Editor in 0.38 ms, found 1 plugins.
Preloading 0 native plugins for Editor in 0.00 ms.
Unloading 1831 Unused Serialized files (Serialized files now loaded: 0)
System memory in use before: 89.4 MB.
System memory in use after: 89.4 MB.

Unloading 12 unused Assets to reduce memory usage. Loaded Objects now: 2334.
Total: 2.173500 ms (FindLiveObjects: 0.194800 ms CreateObjectMapping: 0.072700 ms MarkObjects: 1.796100 ms  DeleteObjects: 0.108700 ms)

========================================================================
Received Prepare
Registering precompiled user dll's ...
Registered in 0.001294 seconds.
Begin MonoManager ReloadAssembly
Native extension for WindowsStandalone target not found
Refreshing native plugins compatible for Editor in 47.08 ms, found 1 plugins.
Preloading 0 native plugins for Editor in 0.00 ms.
Mono: successfully reloaded assembly
- Completed reload, in  2.255 seconds
Platform modules already initialized, skipping
Refreshing native plugins compatible for Editor in 0.34 ms, found 1 plugins.
Preloading 0 native plugins for Editor in 0.00 ms.
Unloading 1831 Unused Serialized files (Serialized files now loaded: 0)
System memory in use before: 89.4 MB.
System memory in use after: 89.4 MB.

Unloading 12 unused Assets to reduce memory usage. Loaded Objects now: 2338.
Total: 2.641700 ms (FindLiveObjects: 0.191600 ms CreateObjectMapping: 0.065000 ms MarkObjects: 2.237000 ms  DeleteObjects: 0.147100 ms)

========================================================================
Received Prepare
Refreshing native plugins compatible for Editor in 2.02 ms, found 1 plugins.
Preloading 0 native plugins for Editor in 0.00 ms.
Unloading 10 Unused Serialized files (Serialized files now loaded: 0)
System memory in use before: 52.8 MB.
System memory in use after: 52.8 MB.

Unloading 10 unused Assets to reduce memory usage. Loaded Objects now: 2338.
Total: 2.890200 ms (FindLiveObjects: 0.425600 ms CreateObjectMapping: 0.238800 ms MarkObjects: 2.105800 ms  DeleteObjects: 0.118700 ms)

AssetImportWorkerClient::OnTransportError - code=2 error=End of file
